<?xml version="1.0" encoding="UTF-8"?>
<!-- Generated by org.testng.reporters.JUnitXMLReporter -->
<testsuite ignored="0" hostname="leo-PC" failures="1" tests="1" name="FREE CRM Test" time="13.958" errors="0" timestamp="12 Jan 2021 00:31:50 GMT">
  <testcase classname="MyRunner.TestRunner" name="feature" time="13.399">
    <failure type="cucumber.runtime.CucumberException" message="java.lang.NullPointerException">
      <![CDATA[cucumber.runtime.CucumberException: java.lang.NullPointerException
at cucumber.api.testng.TestNGCucumberRunner.runCucumber(TestNGCucumberRunner.java:69)
at MyRunner.TestRunner.feature(TestRunner.java:34)
at java.base/java.util.concurrent.FutureTask.run(FutureTask.java:264)
at java.base/java.util.concurrent.ThreadPoolExecutor.runWorker(ThreadPoolExecutor.java:1128)
at java.base/java.util.concurrent.ThreadPoolExecutor$Worker.run(ThreadPoolExecutor.java:628)
at java.base/java.lang.Thread.run(Thread.java:834)
Caused by: java.lang.NullPointerException
at StepDefinitions.LoginStepDefinition.getWebElement(LoginStepDefinition.java:86)
at StepDefinitions.LoginStepDefinition.hoversOnElement(LoginStepDefinition.java:54)
at âœ½.Then User hovers over "SignIn"(tests.feature:6)
... Removed 16 stack frames]]>
    </failure>
  </testcase> <!-- feature -->
</testsuite> <!-- FREE CRM Test -->
